<?xml version="1.0" encoding="UTF-8"?>
<!-- Generated by org.testng.reporters.JUnitXMLReporter -->
<testsuite ignored="0" hostname="LAPTOP-JFKQL1HG" failures="1" tests="1" name="Default test" time="14.294" errors="0" timestamp="2025-02-09T17:51:52 EST">
  <testcase classname="ananthuProject.Test.E2EActionsStandAlone" name="addToCart" time="7.444">
    <failure type="org.openqa.selenium.ElementClickInterceptedException" message="element click intercepted: Element &amp;lt;p class=&amp;quot;MuiTypography-root jss385 MuiTypography-body1&amp;quot; style=&amp;quot;overflow-wrap: break-word;&amp;quot;&amp;gt;...&amp;lt;/p&amp;gt; is not clickable at point (815, 660). Other element would receive the click: &amp;lt;div role=&amp;quot;dialog&amp;quot; id=&amp;quot;acdc836e-15bf-4c7b-802a-25c07c6bcf34&amp;quot; aria-label=&amp;quot;Cookie Consent Banner&amp;quot; aria-describedby=&amp;quot;acdc836e-15bf-4c7b-802a-25c07c6bcf34__label&amp;quot; class=&amp;quot;osano-cm-window__dialog osano-cm-dialog osano-cm-dialog--position_bottom osano-cm-dialog--type_bar&amp;quot;&amp;gt;...&amp;lt;/div&amp;gt;
  (Session info: chrome=114.0.5735.110)
Build info: version: &amp;apos;4.27.0&amp;apos;, revision: &amp;apos;d6e718d134&amp;apos;
System info: os.name: &amp;apos;Windows 11&amp;apos;, os.arch: &amp;apos;amd64&amp;apos;, os.version: &amp;apos;10.0&amp;apos;, java.version: &amp;apos;21.0.6&amp;apos;
Driver info: org.openqa.selenium.chrome.ChromeDriver
Command: [bcb0e8f5186803689af9a3bef7008a16, clickElement {id=06691FE07C6EFAA44F368D709282D04C_element_204}]
Capabilities {acceptInsecureCerts: false, browserName: chrome, browserVersion: 114.0.5735.110, chrome: {chromedriverVersion: 114.0.5735.90 (386bc09e8f4f..., userDataDir: C:\Users\gopik\AppData\Loca...}, goog:chromeOptions: {debuggerAddress: localhost:10936}, networkConnectionEnabled: false, pageLoadStrategy: normal, platformName: windows, proxy: Proxy(), se:cdp: ws://localhost:10936/devtoo..., se:cdpVersion: 114.0.5735.110, setWindowRect: true, strictFileInteractability: false, timeouts: {implicit: 0, pageLoad: 300000, script: 30000}, unhandledPromptBehavior: dismiss and notify, webauthn:extension:credBlob: true, webauthn:extension:largeBlob: true, webauthn:extension:minPinLength: true, webauthn:extension:prf: true, webauthn:virtualAuthenticators: true}
Element: [[ChromeDriver: chrome on windows (bcb0e8f5186803689af9a3bef7008a16)] -&amp;gt; xpath: //div[@class=&amp;apos;MuiGrid-root MuiGrid-item MuiGrid-grid-xs-true&amp;apos;]/div/p]
Session ID: bcb0e8f5186803689af9a3bef7008a16">
      <![CDATA[org.openqa.selenium.ElementClickInterceptedException: element click intercepted: Element <p class="MuiTypography-root jss385 MuiTypography-body1" style="overflow-wrap: break-word;">...</p> is not clickable at point (815, 660). Other element would receive the click: <div role="dialog" id="acdc836e-15bf-4c7b-802a-25c07c6bcf34" aria-label="Cookie Consent Banner" aria-describedby="acdc836e-15bf-4c7b-802a-25c07c6bcf34__label" class="osano-cm-window__dialog osano-cm-dialog osano-cm-dialog--position_bottom osano-cm-dialog--type_bar">...</div>
  (Session info: chrome=114.0.5735.110)
Build info: version: '4.27.0', revision: 'd6e718d134'
System info: os.name: 'Windows 11', os.arch: 'amd64', os.version: '10.0', java.version: '21.0.6'
Driver info: org.openqa.selenium.chrome.ChromeDriver
Command: [bcb0e8f5186803689af9a3bef7008a16, clickElement {id=06691FE07C6EFAA44F368D709282D04C_element_204}]
Capabilities {acceptInsecureCerts: false, browserName: chrome, browserVersion: 114.0.5735.110, chrome: {chromedriverVersion: 114.0.5735.90 (386bc09e8f4f..., userDataDir: C:\Users\gopik\AppData\Loca...}, goog:chromeOptions: {debuggerAddress: localhost:10936}, networkConnectionEnabled: false, pageLoadStrategy: normal, platformName: windows, proxy: Proxy(), se:cdp: ws://localhost:10936/devtoo..., se:cdpVersion: 114.0.5735.110, setWindowRect: true, strictFileInteractability: false, timeouts: {implicit: 0, pageLoad: 300000, script: 30000}, unhandledPromptBehavior: dismiss and notify, webauthn:extension:credBlob: true, webauthn:extension:largeBlob: true, webauthn:extension:minPinLength: true, webauthn:extension:prf: true, webauthn:virtualAuthenticators: true}
Element: [[ChromeDriver: chrome on windows (bcb0e8f5186803689af9a3bef7008a16)] -> xpath: //div[@class='MuiGrid-root MuiGrid-item MuiGrid-grid-xs-true']/div/p]
Session ID: bcb0e8f5186803689af9a3bef7008a16
at java.base/jdk.internal.reflect.DirectConstructorHandleAccessor.newInstance(DirectConstructorHandleAccessor.java:62)
at java.base/java.lang.reflect.Constructor.newInstanceWithCaller(Constructor.java:502)
at java.base/java.lang.reflect.Constructor.newInstance(Constructor.java:486)
at org.openqa.selenium.remote.ErrorCodec.decode(ErrorCodec.java:167)
at org.openqa.selenium.remote.codec.w3c.W3CHttpResponseCodec.decode(W3CHttpResponseCodec.java:138)
at org.openqa.selenium.remote.codec.w3c.W3CHttpResponseCodec.decode(W3CHttpResponseCodec.java:50)
at org.openqa.selenium.remote.HttpCommandExecutor.execute(HttpCommandExecutor.java:190)
at org.openqa.selenium.remote.service.DriverCommandExecutor.invokeExecute(DriverCommandExecutor.java:216)
at org.openqa.selenium.remote.service.DriverCommandExecutor.execute(DriverCommandExecutor.java:174)
at org.openqa.selenium.remote.RemoteWebDriver.execute(RemoteWebDriver.java:545)
at org.openqa.selenium.remote.RemoteWebElement.execute(RemoteWebElement.java:223)
at org.openqa.selenium.remote.RemoteWebElement.click(RemoteWebElement.java:76)
at ananthuProject.PageObjects.SelectCategory.selecttheBook(SelectCategory.java:82)
at ananthuProject.Test.E2EActionsStandAlone.addToCart(E2EActionsStandAlone.java:25)
at java.base/jdk.internal.reflect.DirectMethodHandleAccessor.invoke(DirectMethodHandleAccessor.java:103)
at java.base/java.lang.reflect.Method.invoke(Method.java:580)
at org.testng.internal.invokers.MethodInvocationHelper.invokeMethod(MethodInvocationHelper.java:141)
at org.testng.internal.invokers.TestInvoker.invokeMethod(TestInvoker.java:686)
at org.testng.internal.invokers.TestInvoker.invokeTestMethod(TestInvoker.java:230)
at org.testng.internal.invokers.MethodRunner.runInSequence(MethodRunner.java:63)
at org.testng.internal.invokers.TestInvoker$MethodInvocationAgent.invoke(TestInvoker.java:992)
at org.testng.internal.invokers.TestInvoker.invokeTestMethods(TestInvoker.java:203)
at org.testng.internal.invokers.TestMethodWorker.invokeTestMethods(TestMethodWorker.java:154)
at org.testng.internal.invokers.TestMethodWorker.run(TestMethodWorker.java:134)
at java.base/java.util.ArrayList.forEach(ArrayList.java:1596)
at org.testng.TestRunner.privateRun(TestRunner.java:739)
at org.testng.TestRunner.run(TestRunner.java:614)
at org.testng.SuiteRunner.runTest(SuiteRunner.java:421)
at org.testng.SuiteRunner.runSequentially(SuiteRunner.java:413)
at org.testng.SuiteRunner.privateRun(SuiteRunner.java:373)
at org.testng.SuiteRunner.run(SuiteRunner.java:312)
at org.testng.SuiteRunnerWorker.runSuite(SuiteRunnerWorker.java:52)
at org.testng.SuiteRunnerWorker.run(SuiteRunnerWorker.java:95)
at org.testng.TestNG.runSuitesSequentially(TestNG.java:1274)
at org.testng.TestNG.runSuitesLocally(TestNG.java:1208)
at org.testng.TestNG.runSuites(TestNG.java:1112)
at org.testng.TestNG.run(TestNG.java:1079)
at org.testng.remote.AbstractRemoteTestNG.run(AbstractRemoteTestNG.java:115)
at org.testng.remote.RemoteTestNG.initAndRun(RemoteTestNG.java:293)
at org.testng.remote.RemoteTestNG.main(RemoteTestNG.java:91)
]]>
    </failure>
  </testcase> <!-- addToCart -->
</testsuite> <!-- Default test -->
