<?xml version="1.0" encoding="UTF-8"?>
<!-- Generated by org.testng.reporters.JUnitXMLReporter -->
<testsuite ignored="1" hostname="LAPTOP-JFKQL1HG" failures="0" tests="4" name="Default test" time="73.991" errors="0" timestamp="2025-02-09T11:51:06 EST">
  <testcase classname="ananthuProject.Test.BookStoreHome" name="goToCategory" time="7.495"/>
  <testcase classname="ananthuProject.Test.BookStoreHome" name="goToCategory" time="13.224"/>
  <testcase classname="ananthuProject.Test.BookStoreHome" name="goToCategory" time="10.592"/>
  <testcase classname="ananthuProject.Test.BookStoreHome" name="goToCategory" time="11.067"/>
  <testcase classname="ananthuProject.Test.BookStoreHome" name="checkFooterLinks" time="0.0">
    <ignored/>
  </testcase> <!-- checkFooterLinks -->
</testsuite> <!-- Default test -->
