<?xml version="1.0" encoding="UTF-8"?>
<!-- Generated by org.testng.reporters.JUnitXMLReporter -->
<testsuite ignored="1" hostname="LAPTOP-JFKQL1HG" failures="0" tests="1" name="Default test" time="38.75" errors="0" timestamp="2025-02-06T16:46:29 EST">
  <testcase classname="ananthuProject.Test.E2EActionsStandAlone" name="addToCart" time="23.16"/>
  <testcase classname="ananthuProject.Test.E2EActionsStandAlone" name="buyTheBook" time="0.0">
    <ignored/>
  </testcase> <!-- buyTheBook -->
</testsuite> <!-- Default test -->
