<?xml version="1.0" encoding="UTF-8"?>
<testng-results ignored="0" total="26" passed="24" failed="2" skipped="0">
  <reporter-output>
  </reporter-output>
  <suite started-at="2025-02-05T18:56:37 EST" name="Default suite" finished-at="2025-02-05T19:00:40 EST" duration-ms="243859">
    <groups>
    </groups>
    <test started-at="2025-02-05T18:56:37 EST" name="Default test" finished-at="2025-02-05T19:00:40 EST" duration-ms="243859">
      <class name="ananthuProject.Test.BookStoreHome">
        <test-method is-config="true" signature="launchApplication()[pri:0, instance:ananthuProject.Test.BookStoreHome@740fb309]" started-at="2025-02-05T18:56:37 EST" name="launchApplication" finished-at="2025-02-05T18:56:43 EST" duration-ms="5850" status="PASS">
          <reporter-output>
          </reporter-output>
        </test-method> <!-- launchApplication -->
        <test-method signature="goToCategory(java.lang.String,java.lang.String)[pri:0, instance:ananthuProject.Test.BookStoreHome@740fb309]" started-at="2025-02-05T18:56:43 EST" name="goToCategory" data-provider="testdtaTest" finished-at="2025-02-05T18:56:47 EST" duration-ms="3743" status="PASS">
          <params>
            <param index="0">
              <value>
                <![CDATA[Nonfiction]]>
              </value>
            </param>
            <param index="1">
              <value>
                <![CDATA[New Arrivals]]>
              </value>
            </param>
          </params>
          <reporter-output>
          </reporter-output>
        </test-method> <!-- goToCategory -->
        <test-method is-config="true" signature="closeDriver()[pri:0, instance:ananthuProject.Test.BookStoreHome@740fb309]" started-at="2025-02-05T18:56:47 EST" name="closeDriver" finished-at="2025-02-05T18:56:47 EST" duration-ms="209" status="PASS">
          <reporter-output>
          </reporter-output>
        </test-method> <!-- closeDriver -->
        <test-method is-config="true" signature="launchApplication()[pri:0, instance:ananthuProject.Test.BookStoreHome@740fb309]" started-at="2025-02-05T18:56:47 EST" name="launchApplication" finished-at="2025-02-05T18:56:51 EST" duration-ms="4040" status="PASS">
          <reporter-output>
          </reporter-output>
        </test-method> <!-- launchApplication -->
        <test-method signature="goToCategory(java.lang.String,java.lang.String)[pri:0, instance:ananthuProject.Test.BookStoreHome@740fb309]" started-at="2025-02-05T18:56:51 EST" name="goToCategory" data-provider="testdtaTest" finished-at="2025-02-05T18:56:55 EST" duration-ms="3901" status="PASS">
          <params>
            <param index="0">
              <value>
                <![CDATA[Nonfiction]]>
              </value>
            </param>
            <param index="1">
              <value>
                <![CDATA[Recently Published]]>
              </value>
            </param>
          </params>
          <reporter-output>
          </reporter-output>
        </test-method> <!-- goToCategory -->
        <test-method is-config="true" signature="closeDriver()[pri:0, instance:ananthuProject.Test.BookStoreHome@740fb309]" started-at="2025-02-05T18:56:55 EST" name="closeDriver" finished-at="2025-02-05T18:56:55 EST" duration-ms="177" status="PASS">
          <reporter-output>
          </reporter-output>
        </test-method> <!-- closeDriver -->
        <test-method is-config="true" signature="launchApplication()[pri:0, instance:ananthuProject.Test.BookStoreHome@740fb309]" started-at="2025-02-05T18:56:55 EST" name="launchApplication" finished-at="2025-02-05T18:56:59 EST" duration-ms="4023" status="PASS">
          <reporter-output>
          </reporter-output>
        </test-method> <!-- launchApplication -->
        <test-method signature="goToCategory(java.lang.String,java.lang.String)[pri:0, instance:ananthuProject.Test.BookStoreHome@740fb309]" started-at="2025-02-05T18:56:59 EST" name="goToCategory" data-provider="testdtaTest" finished-at="2025-02-05T18:57:03 EST" duration-ms="3866" status="PASS">
          <params>
            <param index="0">
              <value>
                <![CDATA[Nonfiction]]>
              </value>
            </param>
            <param index="1">
              <value>
                <![CDATA[New York Times Best Sellers]]>
              </value>
            </param>
          </params>
          <reporter-output>
          </reporter-output>
        </test-method> <!-- goToCategory -->
        <test-method is-config="true" signature="closeDriver()[pri:0, instance:ananthuProject.Test.BookStoreHome@740fb309]" started-at="2025-02-05T18:57:03 EST" name="closeDriver" finished-at="2025-02-05T18:57:03 EST" duration-ms="182" status="PASS">
          <reporter-output>
          </reporter-output>
        </test-method> <!-- closeDriver -->
        <test-method is-config="true" signature="launchApplication()[pri:0, instance:ananthuProject.Test.BookStoreHome@740fb309]" started-at="2025-02-05T18:57:03 EST" name="launchApplication" finished-at="2025-02-05T18:57:07 EST" duration-ms="4017" status="PASS">
          <reporter-output>
          </reporter-output>
        </test-method> <!-- launchApplication -->
        <test-method signature="goToCategory(java.lang.String,java.lang.String)[pri:0, instance:ananthuProject.Test.BookStoreHome@740fb309]" started-at="2025-02-05T18:57:07 EST" name="goToCategory" data-provider="testdtaTest" finished-at="2025-02-05T18:57:11 EST" duration-ms="3851" status="PASS">
          <params>
            <param index="0">
              <value>
                <![CDATA[Nonfiction]]>
              </value>
            </param>
            <param index="1">
              <value>
                <![CDATA[Popular Nonfiction]]>
              </value>
            </param>
          </params>
          <reporter-output>
          </reporter-output>
        </test-method> <!-- goToCategory -->
        <test-method is-config="true" signature="closeDriver()[pri:0, instance:ananthuProject.Test.BookStoreHome@740fb309]" started-at="2025-02-05T18:57:11 EST" name="closeDriver" finished-at="2025-02-05T18:57:11 EST" duration-ms="204" status="PASS">
          <reporter-output>
          </reporter-output>
        </test-method> <!-- closeDriver -->
        <test-method is-config="true" signature="launchApplication()[pri:0, instance:ananthuProject.Test.BookStoreHome@740fb309]" started-at="2025-02-05T18:57:11 EST" name="launchApplication" finished-at="2025-02-05T18:57:17 EST" duration-ms="6297" status="PASS">
          <reporter-output>
          </reporter-output>
        </test-method> <!-- launchApplication -->
        <test-method signature="goToCategory(java.lang.String,java.lang.String)[pri:0, instance:ananthuProject.Test.BookStoreHome@740fb309]" started-at="2025-02-05T18:57:17 EST" name="goToCategory" data-provider="testdtaTest" finished-at="2025-02-05T18:57:25 EST" duration-ms="7133" status="FAIL">
          <params>
            <param index="0">
              <value>
                <![CDATA[Nonfiction]]>
              </value>
            </param>
            <param index="1">
              <value>
                <![CDATA[Art and Photography]]>
              </value>
            </param>
          </params>
          <exception class="java.lang.NullPointerException">
            <message>
              <![CDATA[Cannot invoke "org.openqa.selenium.WebElement.click()" because "selectSubCategory" is null]]>
            </message>
            <full-stacktrace>
              <![CDATA[java.lang.NullPointerException: Cannot invoke "org.openqa.selenium.WebElement.click()" because "selectSubCategory" is null
at ananthuProject.PageObjects.SelectCategory.SelectSubCat(SelectCategory.java:44)
at ananthuProject.Test.BookStoreHome.goToCategory(BookStoreHome.java:52)
at java.base/jdk.internal.reflect.DirectMethodHandleAccessor.invoke(DirectMethodHandleAccessor.java:103)
at java.base/java.lang.reflect.Method.invoke(Method.java:580)
at org.testng.internal.invokers.MethodInvocationHelper.invokeMethod(MethodInvocationHelper.java:141)
at org.testng.internal.invokers.TestInvoker.invokeMethod(TestInvoker.java:686)
at org.testng.internal.invokers.TestInvoker.invokeTestMethod(TestInvoker.java:230)
at org.testng.internal.invokers.MethodRunner.runInSequence(MethodRunner.java:63)
at org.testng.internal.invokers.TestInvoker$MethodInvocationAgent.invoke(TestInvoker.java:992)
at org.testng.internal.invokers.TestInvoker.invokeTestMethods(TestInvoker.java:203)
at org.testng.internal.invokers.TestMethodWorker.invokeTestMethods(TestMethodWorker.java:154)
at org.testng.internal.invokers.TestMethodWorker.run(TestMethodWorker.java:134)
at java.base/java.util.ArrayList.forEach(ArrayList.java:1596)
at org.testng.TestRunner.privateRun(TestRunner.java:739)
at org.testng.TestRunner.run(TestRunner.java:614)
at org.testng.SuiteRunner.runTest(SuiteRunner.java:421)
at org.testng.SuiteRunner.runSequentially(SuiteRunner.java:413)
at org.testng.SuiteRunner.privateRun(SuiteRunner.java:373)
at org.testng.SuiteRunner.run(SuiteRunner.java:312)
at org.testng.SuiteRunnerWorker.runSuite(SuiteRunnerWorker.java:52)
at org.testng.SuiteRunnerWorker.run(SuiteRunnerWorker.java:95)
at org.testng.TestNG.runSuitesSequentially(TestNG.java:1274)
at org.testng.TestNG.runSuitesLocally(TestNG.java:1208)
at org.testng.TestNG.runSuites(TestNG.java:1112)
at org.testng.TestNG.run(TestNG.java:1079)
at org.testng.remote.AbstractRemoteTestNG.run(AbstractRemoteTestNG.java:115)
at org.testng.remote.RemoteTestNG.initAndRun(RemoteTestNG.java:293)
at org.testng.remote.RemoteTestNG.main(RemoteTestNG.java:91)
]]>
            </full-stacktrace>
          </exception> <!-- java.lang.NullPointerException -->
          <reporter-output>
          </reporter-output>
        </test-method> <!-- goToCategory -->
        <test-method is-config="true" signature="closeDriver()[pri:0, instance:ananthuProject.Test.BookStoreHome@740fb309]" started-at="2025-02-05T18:57:25 EST" name="closeDriver" finished-at="2025-02-05T18:57:25 EST" duration-ms="137" status="PASS">
          <reporter-output>
          </reporter-output>
        </test-method> <!-- closeDriver -->
        <test-method is-config="true" signature="launchApplication()[pri:0, instance:ananthuProject.Test.BookStoreHome@740fb309]" started-at="2025-02-05T18:57:25 EST" name="launchApplication" finished-at="2025-02-05T18:57:29 EST" duration-ms="4255" status="PASS">
          <reporter-output>
          </reporter-output>
        </test-method> <!-- launchApplication -->
        <test-method signature="goToCategory(java.lang.String,java.lang.String)[pri:0, instance:ananthuProject.Test.BookStoreHome@740fb309]" started-at="2025-02-05T18:57:29 EST" name="goToCategory" data-provider="testdtaTest" finished-at="2025-02-05T18:57:34 EST" duration-ms="4621" status="PASS">
          <params>
            <param index="0">
              <value>
                <![CDATA[Nonfiction]]>
              </value>
            </param>
            <param index="1">
              <value>
                <![CDATA[Biography and Memoir]]>
              </value>
            </param>
          </params>
          <reporter-output>
          </reporter-output>
        </test-method> <!-- goToCategory -->
        <test-method is-config="true" signature="closeDriver()[pri:0, instance:ananthuProject.Test.BookStoreHome@740fb309]" started-at="2025-02-05T18:57:34 EST" name="closeDriver" finished-at="2025-02-05T18:57:34 EST" duration-ms="132" status="PASS">
          <reporter-output>
          </reporter-output>
        </test-method> <!-- closeDriver -->
        <test-method is-config="true" signature="launchApplication()[pri:0, instance:ananthuProject.Test.BookStoreHome@740fb309]" started-at="2025-02-05T18:57:34 EST" name="launchApplication" finished-at="2025-02-05T18:57:38 EST" duration-ms="4397" status="PASS">
          <reporter-output>
          </reporter-output>
        </test-method> <!-- launchApplication -->
        <test-method signature="goToCategory(java.lang.String,java.lang.String)[pri:0, instance:ananthuProject.Test.BookStoreHome@740fb309]" started-at="2025-02-05T18:57:38 EST" name="goToCategory" data-provider="testdtaTest" finished-at="2025-02-05T18:57:41 EST" duration-ms="2762" status="PASS">
          <params>
            <param index="0">
              <value>
                <![CDATA[Nonfiction]]>
              </value>
            </param>
            <param index="1">
              <value>
                <![CDATA[Business]]>
              </value>
            </param>
          </params>
          <reporter-output>
          </reporter-output>
        </test-method> <!-- goToCategory -->
        <test-method is-config="true" signature="closeDriver()[pri:0, instance:ananthuProject.Test.BookStoreHome@740fb309]" started-at="2025-02-05T18:57:41 EST" name="closeDriver" finished-at="2025-02-05T18:57:41 EST" duration-ms="177" status="PASS">
          <reporter-output>
          </reporter-output>
        </test-method> <!-- closeDriver -->
        <test-method is-config="true" signature="launchApplication()[pri:0, instance:ananthuProject.Test.BookStoreHome@740fb309]" started-at="2025-02-05T18:57:41 EST" name="launchApplication" finished-at="2025-02-05T18:57:45 EST" duration-ms="3898" status="PASS">
          <reporter-output>
          </reporter-output>
        </test-method> <!-- launchApplication -->
        <test-method signature="goToCategory(java.lang.String,java.lang.String)[pri:0, instance:ananthuProject.Test.BookStoreHome@740fb309]" started-at="2025-02-05T18:57:45 EST" name="goToCategory" data-provider="testdtaTest" finished-at="2025-02-05T18:57:49 EST" duration-ms="4098" status="PASS">
          <params>
            <param index="0">
              <value>
                <![CDATA[Nonfiction]]>
              </value>
            </param>
            <param index="1">
              <value>
                <![CDATA[Cooking, Food and Drink]]>
              </value>
            </param>
          </params>
          <reporter-output>
          </reporter-output>
        </test-method> <!-- goToCategory -->
        <test-method is-config="true" signature="closeDriver()[pri:0, instance:ananthuProject.Test.BookStoreHome@740fb309]" started-at="2025-02-05T18:57:49 EST" name="closeDriver" finished-at="2025-02-05T18:57:49 EST" duration-ms="209" status="PASS">
          <reporter-output>
          </reporter-output>
        </test-method> <!-- closeDriver -->
        <test-method is-config="true" signature="launchApplication()[pri:0, instance:ananthuProject.Test.BookStoreHome@740fb309]" started-at="2025-02-05T18:57:49 EST" name="launchApplication" finished-at="2025-02-05T18:57:54 EST" duration-ms="4235" status="PASS">
          <reporter-output>
          </reporter-output>
        </test-method> <!-- launchApplication -->
        <test-method signature="goToCategory(java.lang.String,java.lang.String)[pri:0, instance:ananthuProject.Test.BookStoreHome@740fb309]" started-at="2025-02-05T18:57:54 EST" name="goToCategory" data-provider="testdtaTest" finished-at="2025-02-05T18:57:56 EST" duration-ms="2704" status="PASS">
          <params>
            <param index="0">
              <value>
                <![CDATA[Nonfiction]]>
              </value>
            </param>
            <param index="1">
              <value>
                <![CDATA[Crafts and Hobbies]]>
              </value>
            </param>
          </params>
          <reporter-output>
          </reporter-output>
        </test-method> <!-- goToCategory -->
        <test-method is-config="true" signature="closeDriver()[pri:0, instance:ananthuProject.Test.BookStoreHome@740fb309]" started-at="2025-02-05T18:57:56 EST" name="closeDriver" finished-at="2025-02-05T18:57:56 EST" duration-ms="150" status="PASS">
          <reporter-output>
          </reporter-output>
        </test-method> <!-- closeDriver -->
        <test-method is-config="true" signature="launchApplication()[pri:0, instance:ananthuProject.Test.BookStoreHome@740fb309]" started-at="2025-02-05T18:57:56 EST" name="launchApplication" finished-at="2025-02-05T18:58:00 EST" duration-ms="3936" status="PASS">
          <reporter-output>
          </reporter-output>
        </test-method> <!-- launchApplication -->
        <test-method signature="goToCategory(java.lang.String,java.lang.String)[pri:0, instance:ananthuProject.Test.BookStoreHome@740fb309]" started-at="2025-02-05T18:58:00 EST" name="goToCategory" data-provider="testdtaTest" finished-at="2025-02-05T18:58:05 EST" duration-ms="4328" status="PASS">
          <params>
            <param index="0">
              <value>
                <![CDATA[Nonfiction]]>
              </value>
            </param>
            <param index="1">
              <value>
                <![CDATA[Health and Wellness]]>
              </value>
            </param>
          </params>
          <reporter-output>
          </reporter-output>
        </test-method> <!-- goToCategory -->
        <test-method is-config="true" signature="closeDriver()[pri:0, instance:ananthuProject.Test.BookStoreHome@740fb309]" started-at="2025-02-05T18:58:05 EST" name="closeDriver" finished-at="2025-02-05T18:58:05 EST" duration-ms="165" status="PASS">
          <reporter-output>
          </reporter-output>
        </test-method> <!-- closeDriver -->
        <test-method is-config="true" signature="launchApplication()[pri:0, instance:ananthuProject.Test.BookStoreHome@740fb309]" started-at="2025-02-05T18:58:05 EST" name="launchApplication" finished-at="2025-02-05T18:58:09 EST" duration-ms="4059" status="PASS">
          <reporter-output>
          </reporter-output>
        </test-method> <!-- launchApplication -->
        <test-method signature="goToCategory(java.lang.String,java.lang.String)[pri:0, instance:ananthuProject.Test.BookStoreHome@740fb309]" started-at="2025-02-05T18:58:09 EST" name="goToCategory" data-provider="testdtaTest" finished-at="2025-02-05T18:58:13 EST" duration-ms="4245" status="PASS">
          <params>
            <param index="0">
              <value>
                <![CDATA[Nonfiction]]>
              </value>
            </param>
            <param index="1">
              <value>
                <![CDATA[History and Geography]]>
              </value>
            </param>
          </params>
          <reporter-output>
          </reporter-output>
        </test-method> <!-- goToCategory -->
        <test-method is-config="true" signature="closeDriver()[pri:0, instance:ananthuProject.Test.BookStoreHome@740fb309]" started-at="2025-02-05T18:58:13 EST" name="closeDriver" finished-at="2025-02-05T18:58:13 EST" duration-ms="201" status="PASS">
          <reporter-output>
          </reporter-output>
        </test-method> <!-- closeDriver -->
        <test-method is-config="true" signature="launchApplication()[pri:0, instance:ananthuProject.Test.BookStoreHome@740fb309]" started-at="2025-02-05T18:58:13 EST" name="launchApplication" finished-at="2025-02-05T18:58:17 EST" duration-ms="4117" status="PASS">
          <reporter-output>
          </reporter-output>
        </test-method> <!-- launchApplication -->
        <test-method signature="goToCategory(java.lang.String,java.lang.String)[pri:0, instance:ananthuProject.Test.BookStoreHome@740fb309]" started-at="2025-02-05T18:58:17 EST" name="goToCategory" data-provider="testdtaTest" finished-at="2025-02-05T18:58:21 EST" duration-ms="3445" status="FAIL">
          <params>
            <param index="0">
              <value>
                <![CDATA[Nonfiction]]>
              </value>
            </param>
            <param index="1">
              <value>
                <![CDATA[House and Home]]>
              </value>
            </param>
          </params>
          <exception class="org.openqa.selenium.StaleElementReferenceException">
            <message>
              <![CDATA[stale element reference: stale element not found
  (Session info: chrome=114.0.5735.110)
For documentation on this error, please visit: https://www.selenium.dev/documentation/webdriver/troubleshooting/errors#stale-element-reference-exception
Build info: version: '4.27.0', revision: 'd6e718d134'
System info: os.name: 'Windows 11', os.arch: 'amd64', os.version: '10.0', java.version: '21.0.4'
Driver info: org.openqa.selenium.chrome.ChromeDriver
Command: [044b71a1aee00ec0d627418d256e59fc, getElementText {id=5AF1CAF275B8A614937DF07FFB2945AB_element_149}]
Capabilities {acceptInsecureCerts: false, browserName: chrome, browserVersion: 114.0.5735.110, chrome: {chromedriverVersion: 114.0.5735.90 (386bc09e8f4f..., userDataDir: C:\Users\gopik\AppData\Loca...}, goog:chromeOptions: {debuggerAddress: localhost:9583}, networkConnectionEnabled: false, pageLoadStrategy: normal, platformName: windows, proxy: Proxy(), se:cdp: ws://localhost:9583/devtool..., se:cdpVersion: 114.0.5735.110, setWindowRect: true, strictFileInteractability: false, timeouts: {implicit: 0, pageLoad: 300000, script: 30000}, unhandledPromptBehavior: dismiss and notify, webauthn:extension:credBlob: true, webauthn:extension:largeBlob: true, webauthn:extension:minPinLength: true, webauthn:extension:prf: true, webauthn:virtualAuthenticators: true}
Element: [[ChromeDriver: chrome on windows (044b71a1aee00ec0d627418d256e59fc)] -> xpath: //div[@class='builder-blocks css-h47494']/div/a]
Session ID: 044b71a1aee00ec0d627418d256e59fc]]>
            </message>
            <full-stacktrace>
              <![CDATA[org.openqa.selenium.StaleElementReferenceException: stale element reference: stale element not found
  (Session info: chrome=114.0.5735.110)
For documentation on this error, please visit: https://www.selenium.dev/documentation/webdriver/troubleshooting/errors#stale-element-reference-exception
Build info: version: '4.27.0', revision: 'd6e718d134'
System info: os.name: 'Windows 11', os.arch: 'amd64', os.version: '10.0', java.version: '21.0.4'
Driver info: org.openqa.selenium.chrome.ChromeDriver
Command: [044b71a1aee00ec0d627418d256e59fc, getElementText {id=5AF1CAF275B8A614937DF07FFB2945AB_element_149}]
Capabilities {acceptInsecureCerts: false, browserName: chrome, browserVersion: 114.0.5735.110, chrome: {chromedriverVersion: 114.0.5735.90 (386bc09e8f4f..., userDataDir: C:\Users\gopik\AppData\Loca...}, goog:chromeOptions: {debuggerAddress: localhost:9583}, networkConnectionEnabled: false, pageLoadStrategy: normal, platformName: windows, proxy: Proxy(), se:cdp: ws://localhost:9583/devtool..., se:cdpVersion: 114.0.5735.110, setWindowRect: true, strictFileInteractability: false, timeouts: {implicit: 0, pageLoad: 300000, script: 30000}, unhandledPromptBehavior: dismiss and notify, webauthn:extension:credBlob: true, webauthn:extension:largeBlob: true, webauthn:extension:minPinLength: true, webauthn:extension:prf: true, webauthn:virtualAuthenticators: true}
Element: [[ChromeDriver: chrome on windows (044b71a1aee00ec0d627418d256e59fc)] -> xpath: //div[@class='builder-blocks css-h47494']/div/a]
Session ID: 044b71a1aee00ec0d627418d256e59fc
at java.base/jdk.internal.reflect.DirectConstructorHandleAccessor.newInstance(DirectConstructorHandleAccessor.java:62)
at java.base/java.lang.reflect.Constructor.newInstanceWithCaller(Constructor.java:502)
at java.base/java.lang.reflect.Constructor.newInstance(Constructor.java:486)
at org.openqa.selenium.remote.ErrorCodec.decode(ErrorCodec.java:167)
at org.openqa.selenium.remote.codec.w3c.W3CHttpResponseCodec.decode(W3CHttpResponseCodec.java:138)
at org.openqa.selenium.remote.codec.w3c.W3CHttpResponseCodec.decode(W3CHttpResponseCodec.java:50)
at org.openqa.selenium.remote.HttpCommandExecutor.execute(HttpCommandExecutor.java:190)
at org.openqa.selenium.remote.service.DriverCommandExecutor.invokeExecute(DriverCommandExecutor.java:216)
at org.openqa.selenium.remote.service.DriverCommandExecutor.execute(DriverCommandExecutor.java:174)
at org.openqa.selenium.remote.RemoteWebDriver.execute(RemoteWebDriver.java:545)
at org.openqa.selenium.remote.RemoteWebElement.execute(RemoteWebElement.java:223)
at org.openqa.selenium.remote.RemoteWebElement.getText(RemoteWebElement.java:191)
at ananthuProject.PageObjects.SelectCategory.lambda$0(SelectCategory.java:34)
at java.base/java.util.stream.ReferencePipeline$2$1.accept(ReferencePipeline.java:178)
at java.base/java.util.ArrayList$ArrayListSpliterator.tryAdvance(ArrayList.java:1685)
at java.base/java.util.stream.ReferencePipeline.forEachWithCancel(ReferencePipeline.java:129)
at java.base/java.util.stream.AbstractPipeline.copyIntoWithCancel(AbstractPipeline.java:527)
at java.base/java.util.stream.AbstractPipeline.copyInto(AbstractPipeline.java:513)
at java.base/java.util.stream.AbstractPipeline.wrapAndCopyInto(AbstractPipeline.java:499)
at java.base/java.util.stream.FindOps$FindOp.evaluateSequential(FindOps.java:150)
at java.base/java.util.stream.AbstractPipeline.evaluate(AbstractPipeline.java:234)
at java.base/java.util.stream.ReferencePipeline.findFirst(ReferencePipeline.java:647)
at ananthuProject.PageObjects.SelectCategory.SelectSubCat(SelectCategory.java:34)
at ananthuProject.Test.BookStoreHome.goToCategory(BookStoreHome.java:52)
at java.base/jdk.internal.reflect.DirectMethodHandleAccessor.invoke(DirectMethodHandleAccessor.java:103)
at java.base/java.lang.reflect.Method.invoke(Method.java:580)
at org.testng.internal.invokers.MethodInvocationHelper.invokeMethod(MethodInvocationHelper.java:141)
at org.testng.internal.invokers.TestInvoker.invokeMethod(TestInvoker.java:686)
at org.testng.internal.invokers.TestInvoker.invokeTestMethod(TestInvoker.java:230)
at org.testng.internal.invokers.MethodRunner.runInSequence(MethodRunner.java:63)
at org.testng.internal.invokers.TestInvoker$MethodInvocationAgent.invoke(TestInvoker.java:992)
at org.testng.internal.invokers.TestInvoker.invokeTestMethods(TestInvoker.java:203)
at org.testng.internal.invokers.TestMethodWorker.invokeTestMethods(TestMethodWorker.java:154)
at org.testng.internal.invokers.TestMethodWorker.run(TestMethodWorker.java:134)
at java.base/java.util.ArrayList.forEach(ArrayList.java:1596)
at org.testng.TestRunner.privateRun(TestRunner.java:739)
at org.testng.TestRunner.run(TestRunner.java:614)
at org.testng.SuiteRunner.runTest(SuiteRunner.java:421)
at org.testng.SuiteRunner.runSequentially(SuiteRunner.java:413)
at org.testng.SuiteRunner.privateRun(SuiteRunner.java:373)
at org.testng.SuiteRunner.run(SuiteRunner.java:312)
at org.testng.SuiteRunnerWorker.runSuite(SuiteRunnerWorker.java:52)
at org.testng.SuiteRunnerWorker.run(SuiteRunnerWorker.java:95)
at org.testng.TestNG.runSuitesSequentially(TestNG.java:1274)
at org.testng.TestNG.runSuitesLocally(TestNG.java:1208)
at org.testng.TestNG.runSuites(TestNG.java:1112)
at org.testng.TestNG.run(TestNG.java:1079)
at org.testng.remote.AbstractRemoteTestNG.run(AbstractRemoteTestNG.java:115)
at org.testng.remote.RemoteTestNG.initAndRun(RemoteTestNG.java:293)
at org.testng.remote.RemoteTestNG.main(RemoteTestNG.java:91)
]]>
            </full-stacktrace>
          </exception> <!-- org.openqa.selenium.StaleElementReferenceException -->
          <reporter-output>
          </reporter-output>
        </test-method> <!-- goToCategory -->
        <test-method is-config="true" signature="closeDriver()[pri:0, instance:ananthuProject.Test.BookStoreHome@740fb309]" started-at="2025-02-05T18:58:21 EST" name="closeDriver" finished-at="2025-02-05T18:58:21 EST" duration-ms="223" status="PASS">
          <reporter-output>
          </reporter-output>
        </test-method> <!-- closeDriver -->
        <test-method is-config="true" signature="launchApplication()[pri:0, instance:ananthuProject.Test.BookStoreHome@740fb309]" started-at="2025-02-05T18:58:21 EST" name="launchApplication" finished-at="2025-02-05T18:58:27 EST" duration-ms="5554" status="PASS">
          <reporter-output>
          </reporter-output>
        </test-method> <!-- launchApplication -->
        <test-method signature="goToCategory(java.lang.String,java.lang.String)[pri:0, instance:ananthuProject.Test.BookStoreHome@740fb309]" started-at="2025-02-05T18:58:27 EST" name="goToCategory" data-provider="testdtaTest" finished-at="2025-02-05T18:58:31 EST" duration-ms="4779" status="PASS">
          <params>
            <param index="0">
              <value>
                <![CDATA[Nonfiction]]>
              </value>
            </param>
            <param index="1">
              <value>
                <![CDATA[Nature]]>
              </value>
            </param>
          </params>
          <reporter-output>
          </reporter-output>
        </test-method> <!-- goToCategory -->
        <test-method is-config="true" signature="closeDriver()[pri:0, instance:ananthuProject.Test.BookStoreHome@740fb309]" started-at="2025-02-05T18:58:31 EST" name="closeDriver" finished-at="2025-02-05T18:58:32 EST" duration-ms="259" status="PASS">
          <reporter-output>
          </reporter-output>
        </test-method> <!-- closeDriver -->
        <test-method is-config="true" signature="launchApplication()[pri:0, instance:ananthuProject.Test.BookStoreHome@740fb309]" started-at="2025-02-05T18:58:32 EST" name="launchApplication" finished-at="2025-02-05T18:58:36 EST" duration-ms="4575" status="PASS">
          <reporter-output>
          </reporter-output>
        </test-method> <!-- launchApplication -->
        <test-method signature="goToCategory(java.lang.String,java.lang.String)[pri:0, instance:ananthuProject.Test.BookStoreHome@740fb309]" started-at="2025-02-05T18:58:36 EST" name="goToCategory" data-provider="testdtaTest" finished-at="2025-02-05T18:58:41 EST" duration-ms="4984" status="PASS">
          <params>
            <param index="0">
              <value>
                <![CDATA[Nonfiction]]>
              </value>
            </param>
            <param index="1">
              <value>
                <![CDATA[New Age]]>
              </value>
            </param>
          </params>
          <reporter-output>
          </reporter-output>
        </test-method> <!-- goToCategory -->
        <test-method is-config="true" signature="closeDriver()[pri:0, instance:ananthuProject.Test.BookStoreHome@740fb309]" started-at="2025-02-05T18:58:41 EST" name="closeDriver" finished-at="2025-02-05T18:58:41 EST" duration-ms="101" status="PASS">
          <reporter-output>
          </reporter-output>
        </test-method> <!-- closeDriver -->
        <test-method is-config="true" signature="launchApplication()[pri:0, instance:ananthuProject.Test.BookStoreHome@740fb309]" started-at="2025-02-05T18:58:41 EST" name="launchApplication" finished-at="2025-02-05T18:58:47 EST" duration-ms="5316" status="PASS">
          <reporter-output>
          </reporter-output>
        </test-method> <!-- launchApplication -->
        <test-method signature="goToCategory(java.lang.String,java.lang.String)[pri:0, instance:ananthuProject.Test.BookStoreHome@740fb309]" started-at="2025-02-05T18:58:47 EST" name="goToCategory" data-provider="testdtaTest" finished-at="2025-02-05T18:58:52 EST" duration-ms="5474" status="PASS">
          <params>
            <param index="0">
              <value>
                <![CDATA[Nonfiction]]>
              </value>
            </param>
            <param index="1">
              <value>
                <![CDATA[Philosophy]]>
              </value>
            </param>
          </params>
          <reporter-output>
          </reporter-output>
        </test-method> <!-- goToCategory -->
        <test-method is-config="true" signature="closeDriver()[pri:0, instance:ananthuProject.Test.BookStoreHome@740fb309]" started-at="2025-02-05T18:58:52 EST" name="closeDriver" finished-at="2025-02-05T18:58:52 EST" duration-ms="128" status="PASS">
          <reporter-output>
          </reporter-output>
        </test-method> <!-- closeDriver -->
        <test-method is-config="true" signature="launchApplication()[pri:0, instance:ananthuProject.Test.BookStoreHome@740fb309]" started-at="2025-02-05T18:58:52 EST" name="launchApplication" finished-at="2025-02-05T18:58:58 EST" duration-ms="5438" status="PASS">
          <reporter-output>
          </reporter-output>
        </test-method> <!-- launchApplication -->
        <test-method signature="goToCategory(java.lang.String,java.lang.String)[pri:0, instance:ananthuProject.Test.BookStoreHome@740fb309]" started-at="2025-02-05T18:58:58 EST" name="goToCategory" data-provider="testdtaTest" finished-at="2025-02-05T18:59:02 EST" duration-ms="4541" status="PASS">
          <params>
            <param index="0">
              <value>
                <![CDATA[Nonfiction]]>
              </value>
            </param>
            <param index="1">
              <value>
                <![CDATA[Psychology]]>
              </value>
            </param>
          </params>
          <reporter-output>
          </reporter-output>
        </test-method> <!-- goToCategory -->
        <test-method is-config="true" signature="closeDriver()[pri:0, instance:ananthuProject.Test.BookStoreHome@740fb309]" started-at="2025-02-05T18:59:02 EST" name="closeDriver" finished-at="2025-02-05T18:59:02 EST" duration-ms="192" status="PASS">
          <reporter-output>
          </reporter-output>
        </test-method> <!-- closeDriver -->
        <test-method is-config="true" signature="launchApplication()[pri:0, instance:ananthuProject.Test.BookStoreHome@740fb309]" started-at="2025-02-05T18:59:02 EST" name="launchApplication" finished-at="2025-02-05T18:59:07 EST" duration-ms="4556" status="PASS">
          <reporter-output>
          </reporter-output>
        </test-method> <!-- launchApplication -->
        <test-method signature="goToCategory(java.lang.String,java.lang.String)[pri:0, instance:ananthuProject.Test.BookStoreHome@740fb309]" started-at="2025-02-05T18:59:07 EST" name="goToCategory" data-provider="testdtaTest" finished-at="2025-02-05T18:59:11 EST" duration-ms="4301" status="PASS">
          <params>
            <param index="0">
              <value>
                <![CDATA[Nonfiction]]>
              </value>
            </param>
            <param index="1">
              <value>
                <![CDATA[Religion and Spirituality]]>
              </value>
            </param>
          </params>
          <reporter-output>
          </reporter-output>
        </test-method> <!-- goToCategory -->
        <test-method is-config="true" signature="closeDriver()[pri:0, instance:ananthuProject.Test.BookStoreHome@740fb309]" started-at="2025-02-05T18:59:11 EST" name="closeDriver" finished-at="2025-02-05T18:59:12 EST" duration-ms="222" status="PASS">
          <reporter-output>
          </reporter-output>
        </test-method> <!-- closeDriver -->
        <test-method is-config="true" signature="launchApplication()[pri:0, instance:ananthuProject.Test.BookStoreHome@740fb309]" started-at="2025-02-05T18:59:12 EST" name="launchApplication" finished-at="2025-02-05T18:59:18 EST" duration-ms="6058" status="PASS">
          <reporter-output>
          </reporter-output>
        </test-method> <!-- launchApplication -->
        <test-method signature="goToCategory(java.lang.String,java.lang.String)[pri:0, instance:ananthuProject.Test.BookStoreHome@740fb309]" started-at="2025-02-05T18:59:18 EST" name="goToCategory" data-provider="testdtaTest" finished-at="2025-02-05T18:59:22 EST" duration-ms="4537" status="PASS">
          <params>
            <param index="0">
              <value>
                <![CDATA[Nonfiction]]>
              </value>
            </param>
            <param index="1">
              <value>
                <![CDATA[Science and Technology]]>
              </value>
            </param>
          </params>
          <reporter-output>
          </reporter-output>
        </test-method> <!-- goToCategory -->
        <test-method is-config="true" signature="closeDriver()[pri:0, instance:ananthuProject.Test.BookStoreHome@740fb309]" started-at="2025-02-05T18:59:22 EST" name="closeDriver" finished-at="2025-02-05T18:59:23 EST" duration-ms="448" status="PASS">
          <reporter-output>
          </reporter-output>
        </test-method> <!-- closeDriver -->
        <test-method is-config="true" signature="launchApplication()[pri:0, instance:ananthuProject.Test.BookStoreHome@740fb309]" started-at="2025-02-05T18:59:23 EST" name="launchApplication" finished-at="2025-02-05T18:59:29 EST" duration-ms="6578" status="PASS">
          <reporter-output>
          </reporter-output>
        </test-method> <!-- launchApplication -->
        <test-method signature="goToCategory(java.lang.String,java.lang.String)[pri:0, instance:ananthuProject.Test.BookStoreHome@740fb309]" started-at="2025-02-05T18:59:29 EST" name="goToCategory" data-provider="testdtaTest" finished-at="2025-02-05T18:59:35 EST" duration-ms="5479" status="PASS">
          <params>
            <param index="0">
              <value>
                <![CDATA[Nonfiction]]>
              </value>
            </param>
            <param index="1">
              <value>
                <![CDATA[Self-Help and Relationships]]>
              </value>
            </param>
          </params>
          <reporter-output>
          </reporter-output>
        </test-method> <!-- goToCategory -->
        <test-method is-config="true" signature="closeDriver()[pri:0, instance:ananthuProject.Test.BookStoreHome@740fb309]" started-at="2025-02-05T18:59:35 EST" name="closeDriver" finished-at="2025-02-05T18:59:35 EST" duration-ms="183" status="PASS">
          <reporter-output>
          </reporter-output>
        </test-method> <!-- closeDriver -->
        <test-method is-config="true" signature="launchApplication()[pri:0, instance:ananthuProject.Test.BookStoreHome@740fb309]" started-at="2025-02-05T18:59:35 EST" name="launchApplication" finished-at="2025-02-05T18:59:41 EST" duration-ms="6303" status="PASS">
          <reporter-output>
          </reporter-output>
        </test-method> <!-- launchApplication -->
        <test-method signature="goToCategory(java.lang.String,java.lang.String)[pri:0, instance:ananthuProject.Test.BookStoreHome@740fb309]" started-at="2025-02-05T18:59:41 EST" name="goToCategory" data-provider="testdtaTest" finished-at="2025-02-05T18:59:46 EST" duration-ms="4811" status="PASS">
          <params>
            <param index="0">
              <value>
                <![CDATA[Nonfiction]]>
              </value>
            </param>
            <param index="1">
              <value>
                <![CDATA[True Crime]]>
              </value>
            </param>
          </params>
          <reporter-output>
          </reporter-output>
        </test-method> <!-- goToCategory -->
        <test-method is-config="true" signature="closeDriver()[pri:0, instance:ananthuProject.Test.BookStoreHome@740fb309]" started-at="2025-02-05T18:59:46 EST" name="closeDriver" finished-at="2025-02-05T18:59:46 EST" duration-ms="263" status="PASS">
          <reporter-output>
          </reporter-output>
        </test-method> <!-- closeDriver -->
        <test-method is-config="true" signature="launchApplication()[pri:0, instance:ananthuProject.Test.BookStoreHome@740fb309]" started-at="2025-02-05T18:59:46 EST" name="launchApplication" finished-at="2025-02-05T18:59:51 EST" duration-ms="5250" status="PASS">
          <reporter-output>
          </reporter-output>
        </test-method> <!-- launchApplication -->
        <test-method signature="goToCategory(java.lang.String,java.lang.String)[pri:0, instance:ananthuProject.Test.BookStoreHome@740fb309]" started-at="2025-02-05T18:59:51 EST" name="goToCategory" data-provider="testdtaTest" finished-at="2025-02-05T18:59:57 EST" duration-ms="5735" status="PASS">
          <params>
            <param index="0">
              <value>
                <![CDATA[Nonfiction]]>
              </value>
            </param>
            <param index="1">
              <value>
                <![CDATA[View All Nonfiction]]>
              </value>
            </param>
          </params>
          <reporter-output>
          </reporter-output>
        </test-method> <!-- goToCategory -->
        <test-method is-config="true" signature="closeDriver()[pri:0, instance:ananthuProject.Test.BookStoreHome@740fb309]" started-at="2025-02-05T18:59:57 EST" name="closeDriver" finished-at="2025-02-05T18:59:57 EST" duration-ms="143" status="PASS">
          <reporter-output>
          </reporter-output>
        </test-method> <!-- closeDriver -->
        <test-method is-config="true" signature="launchApplication()[pri:0, instance:ananthuProject.Test.BookStoreHome@740fb309]" started-at="2025-02-05T18:59:57 EST" name="launchApplication" finished-at="2025-02-05T19:00:03 EST" duration-ms="5823" status="PASS">
          <reporter-output>
          </reporter-output>
        </test-method> <!-- launchApplication -->
        <test-method signature="goToCategory(java.lang.String,java.lang.String)[pri:0, instance:ananthuProject.Test.BookStoreHome@740fb309]" started-at="2025-02-05T19:00:03 EST" name="goToCategory" data-provider="testdtaTest" finished-at="2025-02-05T19:00:07 EST" duration-ms="3796" status="PASS">
          <params>
            <param index="0">
              <value>
                <![CDATA[Nonfiction]]>
              </value>
            </param>
            <param index="1">
              <value>
                <![CDATA[Trending on #BookTok]]>
              </value>
            </param>
          </params>
          <reporter-output>
          </reporter-output>
        </test-method> <!-- goToCategory -->
        <test-method is-config="true" signature="closeDriver()[pri:0, instance:ananthuProject.Test.BookStoreHome@740fb309]" started-at="2025-02-05T19:00:07 EST" name="closeDriver" finished-at="2025-02-05T19:00:07 EST" duration-ms="152" status="PASS">
          <reporter-output>
          </reporter-output>
        </test-method> <!-- closeDriver -->
        <test-method is-config="true" signature="launchApplication()[pri:0, instance:ananthuProject.Test.BookStoreHome@740fb309]" started-at="2025-02-05T19:00:07 EST" name="launchApplication" finished-at="2025-02-05T19:00:11 EST" duration-ms="3875" status="PASS">
          <reporter-output>
          </reporter-output>
        </test-method> <!-- launchApplication -->
        <test-method signature="goToCategory(java.lang.String,java.lang.String)[pri:0, instance:ananthuProject.Test.BookStoreHome@740fb309]" started-at="2025-02-05T19:00:11 EST" name="goToCategory" data-provider="testdtaTest" finished-at="2025-02-05T19:00:15 EST" duration-ms="4057" status="PASS">
          <params>
            <param index="0">
              <value>
                <![CDATA[Nonfiction]]>
              </value>
            </param>
            <param index="1">
              <value>
                <![CDATA[Award Winners]]>
              </value>
            </param>
          </params>
          <reporter-output>
          </reporter-output>
        </test-method> <!-- goToCategory -->
        <test-method is-config="true" signature="closeDriver()[pri:0, instance:ananthuProject.Test.BookStoreHome@740fb309]" started-at="2025-02-05T19:00:15 EST" name="closeDriver" finished-at="2025-02-05T19:00:15 EST" duration-ms="201" status="PASS">
          <reporter-output>
          </reporter-output>
        </test-method> <!-- closeDriver -->
        <test-method is-config="true" signature="launchApplication()[pri:0, instance:ananthuProject.Test.BookStoreHome@740fb309]" started-at="2025-02-05T19:00:15 EST" name="launchApplication" finished-at="2025-02-05T19:00:19 EST" duration-ms="4113" status="PASS">
          <reporter-output>
          </reporter-output>
        </test-method> <!-- launchApplication -->
        <test-method signature="goToCategory(java.lang.String,java.lang.String)[pri:0, instance:ananthuProject.Test.BookStoreHome@740fb309]" started-at="2025-02-05T19:00:19 EST" name="goToCategory" data-provider="testdtaTest" finished-at="2025-02-05T19:00:24 EST" duration-ms="4246" status="PASS">
          <params>
            <param index="0">
              <value>
                <![CDATA[Nonfiction]]>
              </value>
            </param>
            <param index="1">
              <value>
                <![CDATA[Coffee Table Books]]>
              </value>
            </param>
          </params>
          <reporter-output>
          </reporter-output>
        </test-method> <!-- goToCategory -->
        <test-method is-config="true" signature="closeDriver()[pri:0, instance:ananthuProject.Test.BookStoreHome@740fb309]" started-at="2025-02-05T19:00:24 EST" name="closeDriver" finished-at="2025-02-05T19:00:24 EST" duration-ms="170" status="PASS">
          <reporter-output>
          </reporter-output>
        </test-method> <!-- closeDriver -->
        <test-method is-config="true" signature="launchApplication()[pri:0, instance:ananthuProject.Test.BookStoreHome@740fb309]" started-at="2025-02-05T19:00:24 EST" name="launchApplication" finished-at="2025-02-05T19:00:27 EST" duration-ms="2898" status="PASS">
          <reporter-output>
          </reporter-output>
        </test-method> <!-- launchApplication -->
        <test-method signature="goToCategory(java.lang.String,java.lang.String)[pri:0, instance:ananthuProject.Test.BookStoreHome@740fb309]" started-at="2025-02-05T19:00:27 EST" name="goToCategory" data-provider="testdtaTest" finished-at="2025-02-05T19:00:32 EST" duration-ms="5160" status="PASS">
          <params>
            <param index="0">
              <value>
                <![CDATA[Nonfiction]]>
              </value>
            </param>
            <param index="1">
              <value>
                <![CDATA[Celebrity Book Club Picks]]>
              </value>
            </param>
          </params>
          <reporter-output>
          </reporter-output>
        </test-method> <!-- goToCategory -->
        <test-method is-config="true" signature="closeDriver()[pri:0, instance:ananthuProject.Test.BookStoreHome@740fb309]" started-at="2025-02-05T19:00:32 EST" name="closeDriver" finished-at="2025-02-05T19:00:32 EST" duration-ms="188" status="PASS">
          <reporter-output>
          </reporter-output>
        </test-method> <!-- closeDriver -->
        <test-method is-config="true" signature="launchApplication()[pri:0, instance:ananthuProject.Test.BookStoreHome@740fb309]" started-at="2025-02-05T19:00:32 EST" name="launchApplication" finished-at="2025-02-05T19:00:36 EST" duration-ms="3973" status="PASS">
          <reporter-output>
          </reporter-output>
        </test-method> <!-- launchApplication -->
        <test-method signature="goToCategory(java.lang.String,java.lang.String)[pri:0, instance:ananthuProject.Test.BookStoreHome@740fb309]" started-at="2025-02-05T19:00:36 EST" name="goToCategory" data-provider="testdtaTest" finished-at="2025-02-05T19:00:40 EST" duration-ms="4183" status="PASS">
          <params>
            <param index="0">
              <value>
                <![CDATA[Nonfiction]]>
              </value>
            </param>
            <param index="1">
              <value>
                <![CDATA[Book-to-Screen Adaptations]]>
              </value>
            </param>
          </params>
          <reporter-output>
          </reporter-output>
        </test-method> <!-- goToCategory -->
        <test-method is-config="true" signature="closeDriver()[pri:0, instance:ananthuProject.Test.BookStoreHome@740fb309]" started-at="2025-02-05T19:00:40 EST" name="closeDriver" finished-at="2025-02-05T19:00:40 EST" duration-ms="200" status="PASS">
          <reporter-output>
          </reporter-output>
        </test-method> <!-- closeDriver -->
      </class> <!-- ananthuProject.Test.BookStoreHome -->
    </test> <!-- Default test -->
  </suite> <!-- Default suite -->
</testng-results>
