<?xml version="1.0" encoding="UTF-8"?>
<testng-results ignored="0" total="1" passed="1" failed="0" skipped="0">
  <reporter-output>
  </reporter-output>
  <suite started-at="2025-02-06T16:45:50 EST" name="Default suite" finished-at="2025-02-06T16:46:28 EST" duration-ms="38750">
    <groups>
    </groups>
    <test started-at="2025-02-06T16:45:50 EST" name="Default test" finished-at="2025-02-06T16:46:28 EST" duration-ms="38750">
      <class name="ananthuProject.Test.E2EActionsStandAlone">
        <test-method is-config="true" signature="launchApplication()[pri:0, instance:ananthuProject.Test.E2EActionsStandAlone@72bc6553]" started-at="2025-02-06T16:45:50 EST" name="launchApplication" finished-at="2025-02-06T16:46:05 EST" duration-ms="15431" status="PASS">
          <reporter-output>
          </reporter-output>
        </test-method> <!-- launchApplication -->
        <test-method signature="addToCart()[pri:0, instance:ananthuProject.Test.E2EActionsStandAlone@72bc6553]" started-at="2025-02-06T16:46:05 EST" name="addToCart" finished-at="2025-02-06T16:46:28 EST" duration-ms="23160" status="PASS">
          <reporter-output>
          </reporter-output>
        </test-method> <!-- addToCart -->
        <test-method is-config="true" signature="closeDriver()[pri:0, instance:ananthuProject.Test.E2EActionsStandAlone@72bc6553]" started-at="2025-02-06T16:46:28 EST" name="closeDriver" finished-at="2025-02-06T16:46:28 EST" duration-ms="2" status="PASS">
          <reporter-output>
          </reporter-output>
        </test-method> <!-- closeDriver -->
      </class> <!-- ananthuProject.Test.E2EActionsStandAlone -->
    </test> <!-- Default test -->
  </suite> <!-- Default suite -->
</testng-results>
